<?xml version="1.0" encoding="UTF-8" ?>
<testsuite tests="1" failures="0" name="tests.HW.GetStartedTest" time="9.935" errors="1" skipped="0">
  <properties>
[...]
</properties>
  <testcase classname="tests.HW.GetStartedTest" name="testPassThroughWelcome" time="9.935">
    <error message="Could not start a new session. Response code 500. Message: An unknown server-side error occurred while processing the command. Original error: Unable to launch WebDriverAgent. Original error: xcodebuild failed with code 65. This usually indicates an issue with the local Xcode setup or WebDriverAgent project configuration or the driver-to-platform version mismatch. Consider checking the WebDriverAgent configuration guide for real iOS devices at https://appium.github.io/appium-xcuitest-driver/latest/preparation/real-device-config/.. Make sure you follow the tutorial at https://appium.github.io/appium-xcuitest-driver/latest/preparation/real-device-config/ 
Host info: host: &apos;MacBook-Pro.local&apos;, ip: &apos;fd88:197c:787a:0:1c2b:edc0:b7e2:f4e7%en0&apos;
Build info: version: &apos;4.13.0&apos;, revision: &apos;ba948ece5b*&apos;
System info: os.name: &apos;Mac OS X&apos;, os.arch: &apos;x86_64&apos;, os.version: &apos;26.5&apos;, java.version: &apos;1.8.0_261&apos;
Driver info: io.appium.java_client.ios.IOSDriver
Command: [null, newSession {capabilities=[{appium:useNewWDA=true, appium:udid=00008150-00084CDE0CF0401C, appium:xcodeOrgId=3RZUQ28RXP, appium:showXcodeLog=true, appium:newCommandTimeout=120, appium:xcodeSigningId=Apple Development, appium:allowProvisioningDeviceRegistration=true, appium:bundleId=com.vamapps.The-Coach, platformName=IOS, appium:deviceName=iPhone 17 Pro Max, appium:automationName=XCuiTest, appium:updatedWDABundleId=com.vamapps.WebDriverAgentRunner, appium:platformVersion=26.5}], desiredCapabilities=Capabilities {appium:allowProvisioningDeviceRegistration: true, appium:automationName: XCuiTest, appium:bundleId: com.vamapps.The-Coach, appium:deviceName: iPhone 17 Pro Max, appium:newCommandTimeout: 120, appium:platformVersion: 26.5, appium:showXcodeLog: true, appium:udid: 00008150-00084CDE0CF0401C, appium:updatedWDABundleId: com.vamapps.WebDriverAgentR..., appium:useNewWDA: true, appium:xcodeOrgId: 3RZUQ28RXP, appium:xcodeSigningId: Apple Development, platformName: IOS}}]
Capabilities {appium:allowProvisioningDeviceRegistration: true, appium:automationName: XCuiTest, appium:bundleId: com.vamapps.The-Coach, appium:deviceName: iPhone 17 Pro Max, appium:newCommandTimeout: 120, appium:platformVersion: 26.5, appium:showXcodeLog: true, appium:udid: 00008150-00084CDE0CF0401C, appium:updatedWDABundleId: com.vamapps.WebDriverAgentR..., appium:useNewWDA: true, appium:xcodeOrgId: 3RZUQ28RXP, appium:xcodeSigningId: Apple Development, platformName: IOS}" type="org.openqa.selenium.SessionNotCreatedException">org.openqa.selenium.SessionNotCreatedException: Could not start a new session. Response code 500. Message: An unknown server-side error occurred while processing the command. Original error: Unable to launch WebDriverAgent. Original error: xcodebuild failed with code 65. This usually indicates an issue with the local Xcode setup or WebDriverAgent project configuration or the driver-to-platform version mismatch. Consider checking the WebDriverAgent configuration guide for real iOS devices at https://appium.github.io/appium-xcuitest-driver/latest/preparation/real-device-config/.. Make sure you follow the tutorial at https://appium.github.io/appium-xcuitest-driver/latest/preparation/real-device-config/ 
Host info: host: &apos;MacBook-Pro.local&apos;, ip: &apos;fd88:197c:787a:0:1c2b:edc0:b7e2:f4e7%en0&apos;
Build info: version: &apos;4.13.0&apos;, revision: &apos;ba948ece5b*&apos;
System info: os.name: &apos;Mac OS X&apos;, os.arch: &apos;x86_64&apos;, os.version: &apos;26.5&apos;, java.version: &apos;1.8.0_261&apos;
Driver info: io.appium.java_client.ios.IOSDriver
Command: [null, newSession {capabilities=[{appium:useNewWDA=true, appium:udid=00008150-00084CDE0CF0401C, appium:xcodeOrgId=3RZUQ28RXP, appium:showXcodeLog=true, appium:newCommandTimeout=120, appium:xcodeSigningId=Apple Development, appium:allowProvisioningDeviceRegistration=true, appium:bundleId=com.vamapps.The-Coach, platformName=IOS, appium:deviceName=iPhone 17 Pro Max, appium:automationName=XCuiTest, appium:updatedWDABundleId=com.vamapps.WebDriverAgentRunner, appium:platformVersion=26.5}], desiredCapabilities=Capabilities {appium:allowProvisioningDeviceRegistration: true, appium:automationName: XCuiTest, appium:bundleId: com.vamapps.The-Coach, appium:deviceName: iPhone 17 Pro Max, appium:newCommandTimeout: 120, appium:platformVersion: 26.5, appium:showXcodeLog: true, appium:udid: 00008150-00084CDE0CF0401C, appium:updatedWDABundleId: com.vamapps.WebDriverAgentR..., appium:useNewWDA: true, appium:xcodeOrgId: 3RZUQ28RXP, appium:xcodeSigningId: Apple Development, platformName: IOS}}]
Capabilities {appium:allowProvisioningDeviceRegistration: true, appium:automationName: XCuiTest, appium:bundleId: com.vamapps.The-Coach, appium:deviceName: iPhone 17 Pro Max, appium:newCommandTimeout: 120, appium:platformVersion: 26.5, appium:showXcodeLog: true, appium:udid: 00008150-00084CDE0CF0401C, appium:updatedWDABundleId: com.vamapps.WebDriverAgentR..., appium:useNewWDA: true, appium:xcodeOrgId: 3RZUQ28RXP, appium:xcodeSigningId: Apple Development, platformName: IOS}
	at org.openqa.selenium.remote.ProtocolHandshake.createSession(ProtocolHandshake.java:140)
	at sun.reflect.NativeMethodAccessorImpl.invoke0(Native Method)
	at sun.reflect.NativeMethodAccessorImpl.invoke(NativeMethodAccessorImpl.java:62)
	at sun.reflect.DelegatingMethodAccessorImpl.invoke(DelegatingMethodAccessorImpl.java:43)
	at java.lang.reflect.Method.invoke(Method.java:498)
	at io.appium.java_client.remote.AppiumProtocolHandshake.createSession(AppiumProtocolHandshake.java:133)
	at io.appium.java_client.remote.AppiumProtocolHandshake.createSession(AppiumProtocolHandshake.java:102)
	at io.appium.java_client.remote.AppiumCommandExecutor.createSession(AppiumCommandExecutor.java:182)
	at io.appium.java_client.remote.AppiumCommandExecutor.execute(AppiumCommandExecutor.java:250)
	at org.openqa.selenium.remote.RemoteWebDriver.execute(RemoteWebDriver.java:602)
	at io.appium.java_client.AppiumDriver.startSession(AppiumDriver.java:274)
	at org.openqa.selenium.remote.RemoteWebDriver.&lt;init&gt;(RemoteWebDriver.java:163)
	at io.appium.java_client.AppiumDriver.&lt;init&gt;(AppiumDriver.java:89)
	at io.appium.java_client.AppiumDriver.&lt;init&gt;(AppiumDriver.java:101)
	at io.appium.java_client.ios.IOSDriver.&lt;init&gt;(IOSDriver.java:104)
	at lib.Platform.getDriver(Platform.java:51)
	at lib.CoreTestCase.setUp_aroundBody0(CoreTestCase.java:23)
	at lib.CoreTestCase$AjcClosure1.run(CoreTestCase.java:1)
	at org.aspectj.runtime.reflect.JoinPointImpl.proceed(JoinPointImpl.java:149)
	at io.qameta.allure.aspects.StepsAspects.step(StepsAspects.java:50)
	at lib.CoreTestCase.setUp(CoreTestCase.java:23)
	at sun.reflect.NativeMethodAccessorImpl.invoke0(Native Method)
	at sun.reflect.NativeMethodAccessorImpl.invoke(NativeMethodAccessorImpl.java:62)
	at sun.reflect.DelegatingMethodAccessorImpl.invoke(DelegatingMethodAccessorImpl.java:43)
	at java.lang.reflect.Method.invoke(Method.java:498)
	at org.junit.runners.model.FrameworkMethod$1.runReflectiveCall(FrameworkMethod.java:50)
	at org.junit.internal.runners.model.ReflectiveCallable.run(ReflectiveCallable.java:12)
	at org.junit.runners.model.FrameworkMethod.invokeExplosively(FrameworkMethod.java:47)
	at org.junit.internal.runners.statements.RunBefores.evaluate(RunBefores.java:24)
	at org.junit.internal.runners.statements.RunAfters.evaluate(RunAfters.java:27)
	at org.junit.runners.ParentRunner.runLeaf(ParentRunner.java:325)
	at org.junit.runners.BlockJUnit4ClassRunner.runChild(BlockJUnit4ClassRunner.java:78)
	at org.junit.runners.BlockJUnit4ClassRunner.runChild(BlockJUnit4ClassRunner.java:57)
	at org.junit.runners.ParentRunner$3.run(ParentRunner.java:290)
	at org.junit.runners.ParentRunner$1.schedule(ParentRunner.java:71)
	at org.junit.runners.ParentRunner.runChildren(ParentRunner.java:288)
	at org.junit.runners.ParentRunner.access$000(ParentRunner.java:58)
	at org.junit.runners.ParentRunner$2.evaluate(ParentRunner.java:268)
	at org.junit.runners.ParentRunner.run(ParentRunner.java:363)
	at org.apache.maven.surefire.junit4.JUnit4Provider.execute(JUnit4Provider.java:252)
	at org.apache.maven.surefire.junit4.JUnit4Provider.executeTestSet(JUnit4Provider.java:141)
	at org.apache.maven.surefire.junit4.JUnit4Provider.invoke(JUnit4Provider.java:112)
	at sun.reflect.NativeMethodAccessorImpl.invoke0(Native Method)
	at sun.reflect.NativeMethodAccessorImpl.invoke(NativeMethodAccessorImpl.java:62)
	at sun.reflect.DelegatingMethodAccessorImpl.invoke(DelegatingMethodAccessorImpl.java:43)
	at java.lang.reflect.Method.invoke(Method.java:498)
	at org.apache.maven.surefire.util.ReflectionUtils.invokeMethodWithArray(ReflectionUtils.java:189)
	at org.apache.maven.surefire.booter.ProviderFactory$ProviderProxy.invoke(ProviderFactory.java:165)
	at org.apache.maven.surefire.booter.ProviderFactory.invokeProvider(ProviderFactory.java:85)
	at org.apache.maven.surefire.booter.ForkedBooter.runSuitesInProcess(ForkedBooter.java:115)
	at org.apache.maven.surefire.booter.ForkedBooter.main(ForkedBooter.java:75)
</error>
    <system-err>log4j:WARN No appenders could be found for logger (io.netty.util.internal.logging.InternalLoggerFactory).
log4j:WARN Please initialize the log4j system properly.
log4j:WARN See http://logging.apache.org/log4j/1.2/faq.html#noconfig for more info.
</system-err>
  </testcase>
</testsuite>